31-06-2023 15:06:18 __main__:INFO:success
31-09-2023 15:09:23 __main__:INFO:success
31-09-2023 15:09:23 __main__:INFO:begin c3
31-12-2023 15:12:13 __main__:INFO:acc of c3
31-12-2023 15:12:13 __main__:INFO:0.36
31-12-2023 15:12:13 __main__:INFO:begin math23
31-17-2023 15:17:27 __main__:INFO:acc of math23
31-17-2023 15:17:27 __main__:INFO:0.42
31-17-2023 15:17:27 __main__:INFO:begin ape
31-24-2023 15:24:16 __main__:INFO:acc of ape
31-24-2023 15:24:16 __main__:INFO:1.0
31-24-2023 15:24:16 __main__:INFO:begin reco
31-29-2023 15:29:08 __main__:INFO:success
31-32-2023 15:32:52 __main__:INFO:success
31-35-2023 15:35:54 __main__:INFO:acc of reco
31-35-2023 15:35:54 __main__:INFO:1.0
31-35-2023 15:35:54 __main__:INFO:begin lcsts
31-41-2023 15:41:03 __main__:INFO:success
03-18-2023 21:18:42 __main__:INFO:success
03-18-2023 21:18:42 __main__:INFO:begin c3
03-19-2023 21:19:40 __main__:INFO:success
03-19-2023 21:19:40 __main__:INFO:begin c3
03-22-2023 21:22:27 __main__:INFO:acc of c3
03-22-2023 21:22:27 __main__:INFO:0.31
03-22-2023 21:22:27 __main__:INFO:begin CINLID
03-34-2023 21:34:15 __main__:INFO:success
03-34-2023 21:34:15 __main__:INFO:begin c3
03-34-2023 21:34:47 __main__:INFO:success
03-34-2023 21:34:47 __main__:INFO:begin child
03-39-2023 21:39:17 __main__:INFO:acc of chid
03-39-2023 21:39:17 __main__:INFO:100
03-39-2023 21:39:17 __main__:INFO:begin CINLID
03-40-2023 21:40:39 __main__:INFO:success
03-40-2023 21:40:39 __main__:INFO:begin CINLID
03-40-2023 21:40:52 __main__:INFO:success
03-40-2023 21:40:52 __main__:INFO:begin CINLID
03-41-2023 21:41:10 __main__:INFO:success
03-41-2023 21:41:10 __main__:INFO:begin CINLID
03-42-2023 21:42:00 __main__:INFO:success
03-42-2023 21:42:00 __main__:INFO:begin CINLID
03-42-2023 21:42:24 __main__:INFO:success
03-42-2023 21:42:24 __main__:INFO:begin CINLID
03-48-2023 21:48:45 __main__:INFO:success
03-48-2023 21:48:45 __main__:INFO:begin CINLID
