02-51-2023 10:51:56 __main__:INFO:success
02-51-2023 10:51:56 __main__:INFO:begin generation
02-54-2023 10:54:10 __main__:INFO:begin c3
02-55-2023 10:55:43 __main__:INFO:acc of c3
02-55-2023 10:55:43 __main__:INFO:0.49
02-55-2023 10:55:43 __main__:INFO:begin math23
02-59-2023 10:59:12 __main__:INFO:acc of math23
02-59-2023 10:59:12 __main__:INFO:0.06
02-59-2023 10:59:12 __main__:INFO:begin ape
02-03-2023 11:03:36 __main__:INFO:acc of ape
02-03-2023 11:03:36 __main__:INFO:1.0
02-03-2023 11:03:36 __main__:INFO:begin reco
02-04-2023 11:04:07 __main__:INFO:acc of reco
02-04-2023 11:04:07 __main__:INFO:1.0
02-04-2023 11:04:07 __main__:INFO:begin lcsts
02-12-2023 11:12:06 __main__:INFO:success
02-12-2023 11:12:06 __main__:INFO:begin chid
02-12-2023 11:12:31 __main__:INFO:success
02-12-2023 11:12:31 __main__:INFO:begin chid
02-14-2023 11:14:09 __main__:INFO:acc of chid
02-14-2023 11:14:09 __main__:INFO:100
02-14-2023 11:14:09 __main__:INFO:begin CINLID
02-16-2023 11:16:32 __main__:INFO:success
02-16-2023 11:16:32 __main__:INFO:begin CINLID
02-17-2023 11:17:05 __main__:INFO:success
02-17-2023 11:17:05 __main__:INFO:begin CINLID
02-17-2023 11:17:17 __main__:INFO:success
02-17-2023 11:17:17 __main__:INFO:begin CINLID
02-18-2023 11:18:18 __main__:INFO:success
02-18-2023 11:18:18 __main__:INFO:begin CINLID
