01-27-2023 20:27:07 __main__:INFO:success
01-27-2023 20:27:25 __main__:INFO:success
01-27-2023 20:27:25 __main__:INFO:begin generation
01-27-2023 20:27:35 __main__:INFO:success
01-27-2023 20:27:35 __main__:INFO:begin generation
01-27-2023 20:27:55 __main__:INFO:success
01-27-2023 20:27:55 __main__:INFO:begin generation
01-32-2023 20:32:00 __main__:INFO:begin c3
01-32-2023 20:32:28 __main__:INFO:success
01-32-2023 20:32:28 __main__:INFO:begin generation
01-33-2023 20:33:11 __main__:INFO:success
01-33-2023 20:33:11 __main__:INFO:begin generation
01-33-2023 20:33:20 __main__:INFO:success
01-33-2023 20:33:21 __main__:INFO:begin c3
01-33-2023 20:33:58 __main__:INFO:success
01-33-2023 20:33:58 __main__:INFO:begin c3
01-34-2023 20:34:58 __main__:INFO:success
01-34-2023 20:34:58 __main__:INFO:begin c3
01-35-2023 20:35:17 __main__:INFO:success
01-35-2023 20:35:17 __main__:INFO:begin c3
01-36-2023 20:36:14 __main__:INFO:success
01-36-2023 20:36:14 __main__:INFO:begin math23
01-43-2023 20:43:35 __main__:INFO:acc of math23
01-43-2023 20:43:35 __main__:INFO:0.11
01-43-2023 20:43:35 __main__:INFO:begin ape
01-50-2023 20:50:05 __main__:INFO:acc of ape
01-50-2023 20:50:05 __main__:INFO:1.0
01-50-2023 20:50:05 __main__:INFO:begin reco
01-51-2023 20:51:32 __main__:INFO:success
01-51-2023 20:51:32 __main__:INFO:begin reco
01-54-2023 20:54:13 __main__:INFO:acc of reco
01-54-2023 20:54:13 __main__:INFO:1.0
01-54-2023 20:54:13 __main__:INFO:begin lcsts
01-54-2023 20:54:43 __main__:INFO:success
01-54-2023 20:54:43 __main__:INFO:begin lcsts
